<?xml version="1.0" encoding="UTF-8"?>
<!-- Generated by org.testng.reporters.JUnitReportReporter -->
<testsuite hostname="LAPTOP-SB5APSLQ" failures="0" tests="3" name="groupingtestng.testclass2" time="0.009" errors="0" timestamp="2022-11-23T13:16:54 IST" skipped="0">
  <testcase classname="groupingtestng.testclass2" name="f" time="0.007"/>
  <system-out>
    <![CDATA[test f is running]]>
  </system-out>
  <testcase classname="groupingtestng.testclass2" name="h" time="0.000"/>
  <system-out>
    <![CDATA[test h is running]]>
  </system-out>
  <testcase classname="groupingtestng.testclass2" name="p" time="0.002"/>
  <system-out>
    <![CDATA[test i is running]]>
  </system-out>
</testsuite> <!-- groupingtestng.testclass2 -->
