<?xml version="1.0" encoding="UTF-8"?>
<!-- Generated by org.testng.reporters.JUnitReportReporter -->
<testsuite hostname="LAPTOP-SB5APSLQ" failures="0" tests="1" name="testng.Myclass" time="0.008" errors="0" timestamp="2022-11-23T13:00:22 IST" skipped="0">
  <testcase classname="testng.Myclass" name="g" time="0.008"/>
  <system-out>
    <![CDATA[test caswe is runnig]]>
  </system-out>
</testsuite> <!-- testng.Myclass -->
