<?xml version="1.0" encoding="UTF-8"?>
<!-- Generated by org.testng.reporters.JUnitReportReporter -->
<testsuite hostname="LAPTOP-SB5APSLQ" failures="0" tests="2" name="mytestng.NewTest" time="0.006" errors="0" timestamp="2022-11-08T12:46:10 IST" skipped="0">
  <testcase classname="mytestng.NewTest" name="validateusername" time="0.002"/>
  <system-out>
    <![CDATA[Actual user name is matching expected username ]]>
  </system-out>
  <testcase classname="mytestng.NewTest" name="passcode" time="0.004"/>
  <system-out>
    <![CDATA[enter passcode and click
welcome page is visible and click on no iamgood]]>
  </system-out>
</testsuite> <!-- mytestng.NewTest -->
