<?xml version="1.0" encoding="UTF-8"?>
<!-- Generated by org.testng.reporters.JUnitReportReporter -->
<testsuite hostname="LAPTOP-SB5APSLQ" failures="0" tests="2" name="testng.NewTest" time="0.001" errors="0" timestamp="2022-11-23T13:00:22 IST" skipped="0">
  <testcase classname="testng.NewTest" name="i" time="0.000"/>
  <system-out>
    <![CDATA[my i testcase is running]]>
  </system-out>
  <testcase classname="testng.NewTest" name="j" time="0.001"/>
  <system-out>
    <![CDATA[my j testcase is running]]>
  </system-out>
</testsuite> <!-- testng.NewTest -->
