<?xml version="1.0" encoding="UTF-8"?>
<!-- Generated by org.testng.reporters.JUnitReportReporter -->
<testsuite hostname="LAPTOP-SB5APSLQ" failures="0" tests="2" name="neostoxtest.Neostoxclassusingpropertiesclass" time="26.910" errors="0" timestamp="2022-12-01T12:34:27 IST" skipped="0">
  <testcase classname="neostoxtest.Neostoxclassusingpropertiesclass" name="validateusername" time="16.382"/>
  <system-out>
    <![CDATA[waiting for 2000milis
getting actual userid
reading value of usernamefrom property file
getting actual userid
taking screenshot 
actual and expected userid is matching tc is passed
TCvalidateusername is completed successfully]]>
  </system-out>
  <testcase classname="neostoxtest.Neostoxclassusingpropertiesclass" name="validateAcbalance" time="10.528"/>
  <system-out>
    <![CDATA[waiting for 1000milis
checking available balance
checking available balance
account balnce isRs.5,00,000.00
TCvalidateAcbalance is completed successfully]]>
  </system-out>
</testsuite> <!-- neostoxtest.Neostoxclassusingpropertiesclass -->
