<?xml version="1.0" encoding="UTF-8"?>
<!-- Generated by org.testng.reporters.JUnitReportReporter -->
<testsuite hostname="LAPTOP-SB5APSLQ" failures="0" tests="1" name="mytestng.upstox" time="0.007" errors="0" timestamp="2022-11-08T18:24:29 IST" skipped="0">
  <testcase classname="mytestng.upstox" name="validateusername" time="0.007"/>
  <system-out>
    <![CDATA[Actual user name is matching expected username ]]>
  </system-out>
</testsuite> <!-- mytestng.upstox -->
