<?xml version="1.0" encoding="UTF-8"?>
<!-- Generated by org.testng.reporters.JUnitReportReporter -->
<testsuite hostname="LAPTOP-SB5APSLQ" failures="0" tests="1" name="mytestng.Testngkeywords" time="3.024" errors="0" timestamp="2022-11-22T12:41:42 IST" skipped="0">
  <testcase classname="mytestng.Testngkeywords" name="otp" time="3.024"/>
  <system-out>
    <![CDATA[otp should be send five times]]>
  </system-out>
</testsuite> <!-- mytestng.Testngkeywords -->
