<?xml version="1.0" encoding="UTF-8"?>
<!-- Generated by org.testng.reporters.JUnitReportReporter -->
<testsuite hostname="LAPTOP-SB5APSLQ" failures="0" tests="1" name="softassertstudy.firefoxinstall" time="9.042" errors="0" timestamp="2022-11-24T11:56:09 IST" skipped="0">
  <testcase classname="softassertstudy.firefoxinstall" name="firefox" time="9.042"/>
  <system-out/>
</testsuite> <!-- softassertstudy.firefoxinstall -->
