<?xml version="1.0" encoding="UTF-8"?>
<!-- Generated by org.testng.reporters.JUnitReportReporter -->
<testsuite hostname="LAPTOP-SB5APSLQ" failures="0" tests="1" name="mytestng.normalclass" time="12.489" errors="0" timestamp="2022-11-07T13:07:30 IST" skipped="0">
  <testcase classname="mytestng.normalclass" name="velocity" time="12.489"/>
  <system-out/>
</testsuite> <!-- mytestng.normalclass -->
