<?xml version="1.0" encoding="UTF-8"?>
<!-- Generated by org.testng.reporters.JUnitReportReporter -->
<testsuite hostname="LAPTOP-SB5APSLQ" failures="0" tests="2" name="groupingtestng.testclass" time="0.002" errors="0" timestamp="2022-11-23T13:16:54 IST" skipped="0">
  <testcase classname="groupingtestng.testclass" name="c" time="0.000"/>
  <system-out>
    <![CDATA[test c is running]]>
  </system-out>
  <testcase classname="groupingtestng.testclass" name="a" time="0.002"/>
  <system-out>
    <![CDATA[test a is running]]>
  </system-out>
</testsuite> <!-- groupingtestng.testclass -->
