<?xml version="1.0" encoding="UTF-8"?>
<!-- Generated by org.testng.reporters.JUnitReportReporter -->
<testsuite hostname="LAPTOP-SB5APSLQ" failures="0" tests="1" name="mytestngserialparallel.serial" time="4.946" errors="0" timestamp="2022-11-25T14:59:29 IST" skipped="0">
  <testcase classname="mytestngserialparallel.serial" name="paytm" time="4.946"/>
  <system-out/>
</testsuite> <!-- mytestngserialparallel.serial -->
