<?xml version="1.0" encoding="UTF-8"?>
<!-- Generated by org.testng.reporters.JUnitReportReporter -->
<testsuite hostname="LAPTOP-SB5APSLQ" failures="0" tests="2" name="neostoxtest.neostoxtestclass" time="24.490" errors="0" timestamp="2022-12-01T12:18:23 IST" skipped="0">
  <testcase classname="neostoxtest.neostoxtestclass" name="validateusername" time="11.774"/>
  <system-out>
    <![CDATA[getting actual userid
entering data from excel 
getting actual userid
taking screenshot ]]>
  </system-out>
  <testcase classname="neostoxtest.neostoxtestclass" name="validatefunds" time="12.716"/>
  <system-out>
    <![CDATA[checking available balance
checking available balance
account balnce isRs.5,00,000.00]]>
  </system-out>
</testsuite> <!-- neostoxtest.neostoxtestclass -->
